# JRE version: 7.0_25-b17
# Java VM: Java HotSpot(TM) Client VM (23.25-b01 mixed mode windows-x86 )
Heap
 def new generation   total 4928K, used 4541K [0x037d0000, 0x03d20000, 0x08d20000)
  eden space 4416K,  91% used [0x037d0000, 0x03bbf6f8, 0x03c20000)
  from space 512K, 100% used [0x03ca0000, 0x03d20000, 0x03d20000)
  to   space 512K,  48% used [0x03c20000, 0x03c5e768, 0x03ca0000)
 tenured generation   total 10944K, used 1083K [0x08d20000, 0x097d0000, 0x137d0000)
   the space 10944K,   9% used [0x08d20000, 0x08e2eef0, 0x08e2f000, 0x097d0000)
 compacting perm gen  total 12288K, used 9809K [0x137d0000, 0x143d0000, 0x177d0000)
   the space 12288K,  79% used [0x137d0000, 0x14164720, 0x14164800, 0x143d0000)
GC Heap History (3 events):
Event: 1.061 GC heap before
{Heap before GC invocations=0 (full 0):
 def new generation   total 4928K, used 4416K [0x037d0000, 0x03d20000, 0x08d20000)
  eden space 4416K, 100% used [0x037d0000, 0x03c20000, 0x03c20000)
  from space 512K,   0% used [0x03c20000, 0x03c20000, 0x03ca0000)
  to   space 512K,   0% used [0x03ca0000, 0x03ca0000, 0x03d20000)
 tenured generation   total 10944K, used 0K [0x08d20000, 0x097d0000, 0x137d0000)
   the space 10944K,   0% used [0x08d20000, 0x08d20000, 0x08d20200, 0x097d0000)
 compacting perm gen  total 12288K, used 6401K [0x137d0000, 0x143d0000, 0x177d0000)
   the space 12288K,  52% used [0x137d0000, 0x13e10498, 0x13e10600, 0x143d0000)
No shared spaces configured.
Event: 1.077 GC heap after
Heap after GC invocations=1 (full 0):
 def new generation   total 4928K, used 512K [0x037d0000, 0x03d20000, 0x08d20000)
  eden space 4416K,   0% used [0x037d0000, 0x037d0000, 0x03c20000)
  from space 512K, 100% used [0x03ca0000, 0x03d20000, 0x03d20000)
  to   space 512K,   0% used [0x03c20000, 0x03c20000, 0x03ca0000)
 tenured generation   total 10944K, used 765K [0x08d20000, 0x097d0000, 0x137d0000)
   the space 10944K,   6% used [0x08d20000, 0x08ddf718, 0x08ddf800, 0x097d0000)
 compacting perm gen  total 12288K, used 6401K [0x137d0000, 0x143d0000, 0x177d0000)
   the space 12288K,  52% used [0x137d0000, 0x13e10498, 0x13e10600, 0x143d0000)
No shared spaces configured.
}
Event: 3.981 GC heap before
{Heap before GC invocations=1 (full 0):
 def new generation   total 4928K, used 4541K [0x037d0000, 0x03d20000, 0x08d20000)
  eden space 4416K,  91% used [0x037d0000, 0x03bbf6f8, 0x03c20000)
  from space 512K, 100% used [0x03ca0000, 0x03d20000, 0x03d20000)
  to   space 512K,   0% used [0x03c20000, 0x03c20000, 0x03ca0000)
 tenured generation   total 10944K, used 765K [0x08d20000, 0x097d0000, 0x137d0000)
   the space 10944K,   6% used [0x08d20000, 0x08ddf718, 0x08ddf800, 0x097d0000)
 compacting perm gen  total 12288K, used 9809K [0x137d0000, 0x143d0000, 0x177d0000)
   the space 12288K,  79% used [0x137d0000, 0x14164720, 0x14164800, 0x143d0000)
No shared spaces configured.

